<?xml version="1.0" encoding="UTF-8"?>
<testsuite xmlns:xsi="http://www.w3.org/2001/XMLSchema-instance" xsi:noNamespaceSchemaLocation="https://maven.apache.org/surefire/maven-surefire-plugin/xsd/surefire-test-report-3.0.xsd" version="3.0" name="usantatecla.movies.v21.CustomerTest" time="0.04" tests="23" errors="0" skipped="0" failures="0">
  <properties>
[...]
</properties>
  <testcase name="givenCustomerWithChildrenMovie1RentalDayWhenStatementThenCorrectTotalAmount" classname="usantatecla.movies.v21.CustomerTest" time="0.02"/>
  <testcase name="rentalTest" classname="usantatecla.movies.v21.CustomerTest" time="0.001"/>
  <testcase name="givenCustomerWithNewReleaseMovie3RentalDayWhenStatementThenCorrectFrequentRenterPoints" classname="usantatecla.movies.v21.CustomerTest" time="0.0"/>
  <testcase name="givenCustomerWithNewReleaseMovie1RentalDayWhenStatementThenCorrectTotalAmount" classname="usantatecla.movies.v21.CustomerTest" time="0.002"/>
  <testcase name="givenCustomerWith1DayRentalWhenStatementThenCorrectFrequentRenterPoints" classname="usantatecla.movies.v21.CustomerTest" time="0.0"/>
  <testcase name="givenCustomerWithChildrenMovie3RentalDayWhenStatementThenCorrectTotalAmount" classname="usantatecla.movies.v21.CustomerTest" time="0.0"/>
  <testcase name="givenCustomerWith2DayRentalWhenStatementThenCorrectTotalAmount" classname="usantatecla.movies.v21.CustomerTest" time="0.0"/>
  <testcase name="givenCustomerWith2DayRentalWhenStatementThenCorrectFrequentRenterPoints" classname="usantatecla.movies.v21.CustomerTest" time="0.0"/>
  <testcase name="givenCustomerWithChildrenMovie1RentalDayWhenStatementThenCorrectFrequentRenterPoints" classname="usantatecla.movies.v21.CustomerTest" time="0.0"/>
  <testcase name="givenCustomerWithoutRentalsWhenStatementThenCorrectTotalAmount" classname="usantatecla.movies.v21.CustomerTest" time="0.0"/>
  <testcase name="givenCustomerWithNewReleaseMovie3RentalDayWhenStatementThenCorrectTotalAmount" classname="usantatecla.movies.v21.CustomerTest" time="0.0"/>
  <testcase name="givenCustomerWhenStatementThenCorrectCustomerName" classname="usantatecla.movies.v21.CustomerTest" time="0.0"/>
  <testcase name="givenCustomerWith3DayRentalWhenStatementThenCorrectFrequentRenterPoints" classname="usantatecla.movies.v21.CustomerTest" time="0.0"/>
  <testcase name="givenCustomerWhenStatementThenCorrectMovieName" classname="usantatecla.movies.v21.CustomerTest" time="0.0"/>
  <testcase name="givenCustomerWithoutRentalsWhenStatementThenCorrectFrequentRenterPoints" classname="usantatecla.movies.v21.CustomerTest" time="0.0"/>
  <testcase name="givenCustomerWithChildrenMovie3RentalDayWhenStatementThenCorrectFrequentRenterPoints" classname="usantatecla.movies.v21.CustomerTest" time="0.0"/>
  <testcase name="givenCustomerWithChildrenMovie4RentalDayWhenStatementThenCorrectFrequentRenterPoints" classname="usantatecla.movies.v21.CustomerTest" time="0.001"/>
  <testcase name="givenCustomerWith1DayRentalWhenStatementThenCorrectTotalAmount" classname="usantatecla.movies.v21.CustomerTest" time="0.001"/>
  <testcase name="givenCustomerWithNewReleaseMovie2RentalDayWhenStatementThenCorrectTotalAmount" classname="usantatecla.movies.v21.CustomerTest" time="0.0"/>
  <testcase name="givenCustomerWithNewReleaseMovie1RentalDayWhenStatementThenCorrectFrequentRenterPoints" classname="usantatecla.movies.v21.CustomerTest" time="0.0"/>
  <testcase name="givenCustomerWithChildrenMovie4RentalDayWhenStatementThenCorrectTotalAmount" classname="usantatecla.movies.v21.CustomerTest" time="0.0"/>
  <testcase name="givenCustomerWith3DayRentalWhenStatementThenCorrectTotalAmount" classname="usantatecla.movies.v21.CustomerTest" time="0.0"/>
  <testcase name="givenCustomerWithNewReleaseMovie2RentalDayWhenStatementThenCorrectFrequentRenterPoints" classname="usantatecla.movies.v21.CustomerTest" time="0.003"/>
</testsuite>