<?xml version="1.0" encoding="UTF-8"?>
<testsuite xmlns:xsi="http://www.w3.org/2001/XMLSchema-instance" xsi:noNamespaceSchemaLocation="https://maven.apache.org/surefire/maven-surefire-plugin/xsd/surefire-test-report-3.0.xsd" version="3.0" name="usantatecla.intervals.IntervalTest" time="0.05" tests="7" errors="0" skipped="0" failures="0">
  <properties>
[...]
</properties>
  <testcase name="test1" classname="usantatecla.intervals.IntervalTest" time="0.001"/>
  <testcase name="test2" classname="usantatecla.intervals.IntervalTest" time="0.0"/>
  <testcase name="test3" classname="usantatecla.intervals.IntervalTest" time="0.0"/>
  <testcase name="test4" classname="usantatecla.intervals.IntervalTest" time="0.0"/>
  <testcase name="test5" classname="usantatecla.intervals.IntervalTest" time="0.0"/>
  <testcase name="test6" classname="usantatecla.intervals.IntervalTest" time="0.0"/>
  <testcase name="test7" classname="usantatecla.intervals.IntervalTest" time="0.0"/>
</testsuite>